<?xml version="1.0" encoding="UTF-8"?>
<!-- Generated by org.testng.reporters.JUnitReportReporter -->
<testsuite skipped="0" hostname="LAPTOP-ER3UE92E" name="org.test.parallelexample" tests="9" failures="0" timestamp="31 Jul 2022 12:18:45 GMT" time="0.061" errors="0">
  <testcase name="test6" time="0.002" classname="org.test.parallelexample"/>
  <testcase name="test3" time="0.010" classname="org.test.parallelexample"/>
  <testcase name="test8" time="0.004" classname="org.test.parallelexample"/>
  <testcase name="test2" time="0.011" classname="org.test.parallelexample"/>
  <testcase name="test1" time="0.010" classname="org.test.parallelexample"/>
  <testcase name="test5" time="0.010" classname="org.test.parallelexample"/>
  <testcase name="test4" time="0.011" classname="org.test.parallelexample"/>
  <testcase name="test9" time="0.002" classname="org.test.parallelexample"/>
  <testcase name="test7" time="0.001" classname="org.test.parallelexample"/>
</testsuite> <!-- org.test.parallelexample -->
